0 info it worked if it ends with ok
1 verbose cli [ '/Users/auchenberg/.nvm/versions/node/v5.1.0/bin/node',
1 verbose cli   '/Users/auchenberg/.nvm/versions/node/v5.1.0/bin/npm',
1 verbose cli   'start' ]
2 info using npm@3.3.12
3 info using node@v5.1.0
4 verbose run-script [ 'prestart', 'start', 'poststart' ]
5 info lifecycle timey@0.0.1~prestart: timey@0.0.1
6 silly lifecycle timey@0.0.1~prestart: no script for prestart, continuing
7 info lifecycle timey@0.0.1~start: timey@0.0.1
8 verbose lifecycle timey@0.0.1~start: unsafe-perm in lifecycle true
9 verbose lifecycle timey@0.0.1~start: PATH: /Users/auchenberg/.nvm/versions/node/v5.1.0/lib/node_modules/npm/bin/node-gyp-bin:/Users/auchenberg/Development/timey.in/node_modules/.bin:/Users/auchenberg/.nvm/versions/node/v5.1.0/bin:/Users/auchenberg/.rvm/gems/ruby-2.2.3/bin:/Users/auchenberg/.rvm/gems/ruby-2.2.3@global/bin:/Users/auchenberg/.rvm/rubies/ruby-2.2.3/bin:/usr/local/heroku/bin:/usr/local/bin:/usr/bin:/bin:/usr/sbin:/sbin:/opt/X11/bin:/Users/auchenberg/.rvm/bin:/usr/local/sbin:/usr/local/bin:/usr/bin:/usr/local/share/npm/bin
10 verbose lifecycle timey@0.0.1~start: CWD: /Users/auchenberg/Development/timey.in
11 silly lifecycle timey@0.0.1~start: Args: [ '-c', 'node server.js' ]
12 silly lifecycle timey@0.0.1~start: Returned: code: 1  signal: null
13 info lifecycle timey@0.0.1~start: Failed to exec start script
14 verbose stack Error: timey@0.0.1 start: `node server.js`
14 verbose stack Exit status 1
14 verbose stack     at EventEmitter.<anonymous> (/Users/auchenberg/.nvm/versions/node/v5.1.0/lib/node_modules/npm/lib/utils/lifecycle.js:232:16)
14 verbose stack     at emitTwo (events.js:87:13)
14 verbose stack     at EventEmitter.emit (events.js:172:7)
14 verbose stack     at ChildProcess.<anonymous> (/Users/auchenberg/.nvm/versions/node/v5.1.0/lib/node_modules/npm/lib/utils/spawn.js:24:14)
14 verbose stack     at emitTwo (events.js:87:13)
14 verbose stack     at ChildProcess.emit (events.js:172:7)
14 verbose stack     at maybeClose (internal/child_process.js:818:16)
14 verbose stack     at Process.ChildProcess._handle.onexit (internal/child_process.js:211:5)
15 verbose pkgid timey@0.0.1
16 verbose cwd /Users/auchenberg/Development/timey.in
17 error Darwin 15.0.0
18 error argv "/Users/auchenberg/.nvm/versions/node/v5.1.0/bin/node" "/Users/auchenberg/.nvm/versions/node/v5.1.0/bin/npm" "start"
19 error node v5.1.0
20 error npm  v3.3.12
21 error code ELIFECYCLE
22 error timey@0.0.1 start: `node server.js`
22 error Exit status 1
23 error Failed at the timey@0.0.1 start script 'node server.js'.
23 error Make sure you have the latest version of node.js and npm installed.
23 error If you do, this is most likely a problem with the timey package,
23 error not with npm itself.
23 error Tell the author that this fails on your system:
23 error     node server.js
23 error You can get their info via:
23 error     npm owner ls timey
23 error There is likely additional logging output above.
24 verbose exit [ 1, true ]
